files/other/VulnerableApplication18/app/build/intermediates/manifest_merge_blame_file/debug/manifest-merger-blame-debug-report.txt
1<?xml version="1.0" encoding="utf-8"?>
2<manifest xmlns:android="http://schemas.android.com/apk/res/android"
3    package="com.example.vulnerableapplication18"
4    android:versionCode="1"
5    android:versionName="1.0" >
6
7    <uses-sdk
8        android:minSdkVersion="18"
8-->src/main/AndroidManifest.xml
9        android:targetSdkVersion="30" />
9-->src/main/AndroidManifest.xml
10
11    <uses-permission android:name="android.permission.READ_SMS" />
11-->src/main/AndroidManifest.xml:5:5-67
11-->src/main/AndroidManifest.xml:5:22-64
12    <uses-permission android:name="android.permission.SEND_SMS" />
12-->src/main/AndroidManifest.xml:6:5-67
12-->src/main/AndroidManifest.xml:6:22-64
13
14    <application
14-->src/main/AndroidManifest.xml:8:5-27:19
15        android:allowBackup="true"
15-->src/main/AndroidManifest.xml:9:9-35
16        android:appComponentFactory="androidx.core.app.CoreComponentFactory"
16-->[androidx.core:core:1.3.1] AndroidManifest.xml:24:18-86
17        android:debuggable="true"
18        android:icon="@mipmap/ic_launcher"
18-->src/main/AndroidManifest.xml:10:9-43
19        android:label="@string/app_name"
19-->src/main/AndroidManifest.xml:11:9-41
20        android:roundIcon="@mipmap/ic_launcher_round"
20-->src/main/AndroidManifest.xml:12:9-54
21        android:supportsRtl="true"
21-->src/main/AndroidManifest.xml:13:9-35
22        android:testOnly="true"
23        android:theme="@style/AppTheme" >
23-->src/main/AndroidManifest.xml:14:9-40
24        <service
24-->src/main/AndroidManifest.xml:15:9-18:39
25            android:name="com.example.vulnerableapplication18.MyService"
25-->src/main/AndroidManifest.xml:16:13-38
26            android:enabled="true"
26-->src/main/AndroidManifest.xml:17:13-35
27            android:exported="true" />
27-->src/main/AndroidManifest.xml:18:13-36
28
29        <activity android:name="com.example.vulnerableapplication18.MainActivity" >
29-->src/main/AndroidManifest.xml:20:9-26:20
29-->src/main/AndroidManifest.xml:20:19-47
30            <intent-filter>
30-->src/main/AndroidManifest.xml:21:13-25:29
31                <action android:name="android.intent.action.MAIN" />
31-->src/main/AndroidManifest.xml:22:17-69
31-->src/main/AndroidManifest.xml:22:25-66
32
33                <category android:name="android.intent.category.LAUNCHER" />
33-->src/main/AndroidManifest.xml:24:17-77
33-->src/main/AndroidManifest.xml:24:27-74
34            </intent-filter>
35        </activity>
36    </application>
37
38</manifest>